2024-11-30 12:14:41,893 - INFO - Fetching data (Attempt 1/3)...
2024-11-30 12:14:41,984 - INFO - Fetched 10 lessons.
2024-11-30 12:14:41,985 - INFO - Next lesson: Felix Xu at 2024-11-30 12:30:00
2024-11-30 12:15:17,709 - INFO - Lock file detected. Pausing operations.
2024-11-30 12:15:17,997 - INFO - Reinitializing data after lock file detected.
2024-11-30 12:15:17,997 - INFO - Fetching data (Attempt 1/3)...
2024-11-30 12:18:11,846 - INFO - Fetched 10 lessons.
2024-11-30 12:18:11,846 - INFO - Next lesson: Felix Xu at 2024-11-30 12:30:00
2024-11-30 12:23:26,207 - INFO - Lock file detected. Pausing operations.
2024-11-30 12:23:26,946 - INFO - Reinitializing data after lock file detected.
2024-11-30 12:23:26,946 - INFO - Fetching data (Attempt 1/3)...
2024-11-30 12:23:40,638 - INFO - Fetched 11 lessons.
2024-11-30 12:23:40,638 - INFO - Next lesson: Felix Xu at 2024-11-30 12:30:00
2024-11-30 12:26:06,019 - INFO - Lock file detected. Pausing operations.
2024-11-30 12:26:06,683 - INFO - Reinitializing data after lock file detected.
2024-11-30 12:26:06,684 - INFO - Fetching data (Attempt 1/3)...
2024-11-30 12:27:17,430 - INFO - Fetched 12 lessons.
2024-11-30 12:27:17,431 - INFO - Next lesson: Felix Xu at 2024-11-30 12:30:00
2024-11-30 12:27:30,773 - INFO - Lock file detected. Pausing operations.
2024-11-30 12:27:31,436 - INFO - Reinitializing data after lock file detected.
2024-11-30 12:27:31,436 - INFO - Fetching data (Attempt 1/3)...
2024-11-30 12:29:19,402 - INFO - Fetched 13 lessons.
2024-11-30 12:29:19,403 - INFO - Next lesson: Felix Xu at 2024-11-30 12:30:00
2024-11-30 12:29:38,263 - INFO - Lock file detected. Pausing operations.
2024-11-30 12:29:38,333 - INFO - Lock file removed. Resuming operations.
2024-11-30 12:29:38,410 - INFO - Reinitializing data after lock file detected.
2024-11-30 12:29:38,410 - INFO - Fetching data (Attempt 1/3)...
2024-11-30 12:29:38,744 - INFO - Fetched 13 lessons.
2024-11-30 12:29:38,744 - INFO - Next lesson: Felix Xu at 2024-11-30 12:30:00
2024-11-30 12:31:37,720 - INFO - Lock file detected. Pausing operations.
2024-11-30 12:31:37,757 - INFO - Lock file removed. Resuming operations.
2024-11-30 12:31:37,780 - INFO - Reinitializing data after lock file detected.
2024-11-30 12:31:37,780 - INFO - Fetching data (Attempt 1/3)...
2024-11-30 12:31:37,898 - INFO - Fetched 13 lessons.
2024-11-30 12:31:37,899 - INFO - Next lesson: Calleen Walker at 2024-11-30 14:00:00
2024-11-30 12:33:51,326 - INFO - Lock file detected. Pausing operations.
2024-11-30 12:33:51,947 - INFO - Reinitializing data after lock file detected.
2024-11-30 12:33:51,947 - INFO - Fetching data (Attempt 1/3)...
2024-11-30 12:35:29,638 - INFO - Fetched 14 lessons.
2024-11-30 12:35:29,639 - INFO - Next lesson: Calleen Walker at 2024-11-30 14:00:00
2024-11-30 12:36:18,553 - INFO - Lock file removed. Resuming operations.
2024-11-30 12:36:18,554 - INFO - Lock file detected. Pausing operations.
2024-11-30 12:36:18,589 - INFO - Lock file removed. Resuming operations.
2024-11-30 12:36:18,655 - INFO - Reinitializing data after lock file detected.
2024-11-30 12:36:18,655 - INFO - Fetching data (Attempt 1/3)...
2024-11-30 12:36:18,776 - INFO - Fetched 15 lessons.
2024-11-30 12:36:18,777 - INFO - Next lesson: Calleen Walker at 2024-11-30 14:00:00
2024-11-30 12:36:33,262 - INFO - Lock file detected. Pausing operations.
2024-11-30 12:36:33,782 - INFO - Reinitializing data after lock file detected.
2024-11-30 12:36:33,782 - INFO - Fetching data (Attempt 1/3)...
2024-11-30 12:37:06,511 - INFO - Fetched 16 lessons.
2024-11-30 12:37:06,512 - INFO - Next lesson: Calleen Walker at 2024-11-30 14:00:00
2024-11-30 12:37:25,979 - INFO - Lock file detected. Pausing operations.
2024-11-30 12:37:26,519 - INFO - Reinitializing data after lock file detected.
2024-11-30 12:37:26,519 - INFO - Fetching data (Attempt 1/3)...
2024-11-30 12:39:51,637 - INFO - Program interrupted. Archiving logs...
