2024-11-30 11:36:49,397 - INFO - Fetching data (Attempt 1/3)...
2024-11-30 11:36:49,467 - INFO - Fetched 8 lessons.
2024-11-30 11:36:49,468 - INFO - Next lesson: Felix Xu at 2024-11-30 12:30:00
2024-11-30 11:37:06,802 - INFO - Lock file detected. Pausing operations.
2024-11-30 11:37:06,841 - INFO - Lock file removed. Resuming operations.
2024-11-30 11:37:07,474 - INFO - Reinitializing data after lock file detected.
2024-11-30 11:37:07,474 - INFO - Fetching data (Attempt 1/3)...
2024-11-30 11:37:07,558 - INFO - Fetched 9 lessons.
2024-11-30 11:37:07,558 - INFO - Next lesson: Felix Xu at 2024-11-30 12:30:00
2024-11-30 11:37:38,052 - INFO - Lock file detected. Pausing operations.
2024-11-30 11:37:38,087 - INFO - Lock file removed. Resuming operations.
2024-11-30 11:37:38,569 - INFO - Reinitializing data after lock file detected.
2024-11-30 11:37:38,569 - INFO - Fetching data (Attempt 1/3)...
2024-11-30 11:37:49,580 - INFO - Fetched 9 lessons.
2024-11-30 11:37:49,580 - INFO - Next lesson: Test Student 1 at 2024-11-30 11:39:00
2024-11-30 11:37:54,472 - INFO - Lock file detected. Pausing operations.
2024-11-30 11:37:54,509 - INFO - Lock file removed. Resuming operations.
2024-11-30 11:37:54,582 - INFO - Reinitializing data after lock file detected.
2024-11-30 11:37:54,583 - INFO - Fetching data (Attempt 1/3)...
2024-11-30 11:37:54,663 - INFO - Fetched 9 lessons.
2024-11-30 11:37:54,663 - INFO - Next lesson: Test Student 1 at 2024-11-30 11:39:00
2024-11-30 11:38:02,715 - INFO - Lock file detected. Pausing operations.
2024-11-30 11:38:03,666 - INFO - Reinitializing data after lock file detected.
2024-11-30 11:38:03,666 - INFO - Fetching data (Attempt 1/3)...
2024-11-30 11:45:14,251 - INFO - Fetched 9 lessons.
2024-11-30 11:45:14,252 - INFO - Next lesson: Felix Xu at 2024-11-30 12:30:00
2024-11-30 11:45:18,851 - INFO - Lock file detected. Pausing operations.
2024-11-30 11:45:18,893 - INFO - Lock file removed. Resuming operations.
2024-11-30 11:45:19,255 - INFO - Reinitializing data after lock file detected.
2024-11-30 11:45:19,255 - INFO - Fetching data (Attempt 1/3)...
2024-11-30 11:45:19,344 - INFO - Fetched 9 lessons.
2024-11-30 11:45:19,345 - INFO - Next lesson: Felix Xu at 2024-11-30 12:30:00
2024-11-30 11:49:40,976 - INFO - Lock file detected. Pausing operations.
2024-11-30 11:49:41,423 - INFO - Reinitializing data after lock file detected.
2024-11-30 11:49:41,423 - INFO - Fetching data (Attempt 1/3)...
2024-11-30 11:50:54,435 - INFO - Program interrupted. Archiving logs...
