2024-12-01 11:38:22,216 - INFO - Autosave script started.
2024-12-01 11:38:22,217 - INFO - Attempting to attach to an existing Excel instance...
2024-12-01 11:38:22,224 - INFO - Excel is ready. Statusbar trigger file is empty.
2024-12-01 11:38:22,224 - INFO - Lock file created: D:\Projects\Python\Excel-Handler-Master\temp\save_trigger.lock
2024-12-01 11:38:22,224 - INFO - Saving workbook: Guitar-lessons.xlsm
2024-12-01 11:38:22,257 - INFO - Workbook saved successfully.
2024-12-01 11:38:22,258 - INFO - Lock file removed: D:\Projects\Python\Excel-Handler-Master\temp\save_trigger.lock
2024-12-01 11:38:27,259 - INFO - Excel is ready. Statusbar trigger file is empty.
2024-12-01 11:38:27,259 - INFO - Debounce timer active. Waiting...
2024-12-01 11:38:29,260 - INFO - Excel is ready. Statusbar trigger file is empty.
2024-12-01 11:38:29,260 - INFO - Debounce timer active. Waiting...
2024-12-01 11:38:31,261 - INFO - Excel is ready. Statusbar trigger file is empty.
2024-12-01 11:38:31,261 - INFO - Debounce timer active. Waiting...
2024-12-01 11:38:33,261 - INFO - Excel is ready. Statusbar trigger file is empty.
2024-12-01 11:38:33,261 - INFO - Lock file created: D:\Projects\Python\Excel-Handler-Master\temp\save_trigger.lock
2024-12-01 11:38:33,262 - INFO - Saving workbook: Guitar-lessons.xlsm
2024-12-01 11:38:33,294 - INFO - Workbook saved successfully.
2024-12-01 11:38:33,294 - INFO - Lock file removed: D:\Projects\Python\Excel-Handler-Master\temp\save_trigger.lock
2024-12-01 11:38:38,295 - INFO - Excel is ready. Statusbar trigger file is empty.
2024-12-01 11:38:38,295 - INFO - Debounce timer active. Waiting...
2024-12-01 11:38:40,296 - INFO - Excel is ready. Statusbar trigger file is empty.
2024-12-01 11:38:40,296 - INFO - Debounce timer active. Waiting...
2024-12-01 11:38:42,297 - INFO - Excel is ready. Statusbar trigger file is empty.
2024-12-01 11:38:42,297 - INFO - Debounce timer active. Waiting...
2024-12-01 11:38:44,298 - INFO - Excel is ready. Statusbar trigger file is empty.
2024-12-01 11:38:44,298 - INFO - Lock file created: D:\Projects\Python\Excel-Handler-Master\temp\save_trigger.lock
2024-12-01 11:38:44,298 - INFO - Saving workbook: Guitar-lessons.xlsm
2024-12-01 11:38:44,330 - INFO - Workbook saved successfully.
2024-12-01 11:38:44,331 - INFO - Lock file removed: D:\Projects\Python\Excel-Handler-Master\temp\save_trigger.lock
2024-12-01 11:38:46,104 - INFO - Termination signal received. Archiving current log file...
2024-12-01 11:38:46,106 - INFO - Log file archived: logs\past-logs\Autosave\Autosave 2024-12-01 -- 11-38-46.log
2024-12-01 11:38:46,106 - INFO - Exiting save monitoring.
