2024-12-01 13:26:22,891 - INFO - Autosave script started.
2024-12-01 13:26:22,891 - INFO - Starting trigger file monitor...
2024-12-01 13:26:35,624 - INFO - Trigger file transitioned from empty to non-empty.
2024-12-01 13:26:35,625 - INFO - Attempting to attach to an existing Excel instance...
2024-12-01 13:26:35,640 - INFO - Lock file created: D:\Projects\Python\Excel-Handler-Master\temp\autosave.lock
2024-12-01 13:26:35,640 - INFO - Saving workbook: Guitar-lessons.xlsm
2024-12-01 13:26:35,673 - INFO - Workbook saved successfully.
2024-12-01 13:26:36,674 - INFO - Lock file removed: D:\Projects\Python\Excel-Handler-Master\temp\autosave.lock
2024-12-01 13:26:39,359 - INFO - Trigger file transitioned from empty to non-empty.
2024-12-01 13:26:39,360 - INFO - Attempting to attach to an existing Excel instance...
2024-12-01 13:26:39,369 - INFO - Debounce timer active. Waiting...
2024-12-01 13:26:43,483 - INFO - Trigger file transitioned from empty to non-empty.
2024-12-01 13:26:43,484 - INFO - Attempting to attach to an existing Excel instance...
2024-12-01 13:26:43,492 - INFO - Debounce timer active. Waiting...
2024-12-01 13:26:46,692 - INFO - Trigger file transitioned from empty to non-empty.
2024-12-01 13:26:46,692 - INFO - Attempting to attach to an existing Excel instance...
2024-12-01 13:26:46,703 - INFO - Lock file created: D:\Projects\Python\Excel-Handler-Master\temp\autosave.lock
2024-12-01 13:26:46,704 - INFO - Saving workbook: Guitar-lessons.xlsm
2024-12-01 13:26:46,743 - INFO - Workbook saved successfully.
2024-12-01 13:26:47,744 - INFO - Lock file removed: D:\Projects\Python\Excel-Handler-Master\temp\autosave.lock
2024-12-01 13:26:48,181 - INFO - Trigger file transitioned from empty to non-empty.
2024-12-01 13:26:48,181 - INFO - Attempting to attach to an existing Excel instance...
2024-12-01 13:26:48,194 - INFO - Debounce timer active. Waiting...
2024-12-01 13:26:48,862 - INFO - Trigger file transitioned from empty to non-empty.
2024-12-01 13:26:48,863 - INFO - Attempting to attach to an existing Excel instance...
2024-12-01 13:26:48,870 - INFO - Debounce timer active. Waiting...
2024-12-01 13:26:50,367 - INFO - Trigger file transitioned from empty to non-empty.
2024-12-01 13:26:50,367 - INFO - Attempting to attach to an existing Excel instance...
2024-12-01 13:26:50,379 - INFO - Debounce timer active. Waiting...
2024-12-01 13:26:51,003 - INFO - Trigger file transitioned from empty to non-empty.
2024-12-01 13:26:51,003 - INFO - Attempting to attach to an existing Excel instance...
2024-12-01 13:26:51,016 - INFO - Debounce timer active. Waiting...
2024-12-01 13:26:51,720 - INFO - Trigger file transitioned from empty to non-empty.
2024-12-01 13:26:51,721 - INFO - Attempting to attach to an existing Excel instance...
2024-12-01 13:26:51,728 - INFO - Debounce timer active. Waiting...
2024-12-01 13:27:07,874 - INFO - Trigger file transitioned from empty to non-empty.
2024-12-01 13:27:07,874 - INFO - Attempting to attach to an existing Excel instance...
2024-12-01 13:27:07,890 - INFO - Lock file created: D:\Projects\Python\Excel-Handler-Master\temp\autosave.lock
2024-12-01 13:27:07,891 - INFO - Saving workbook: Guitar-lessons.xlsm
2024-12-01 13:27:07,923 - INFO - Workbook saved successfully.
2024-12-01 13:27:08,924 - INFO - Lock file removed: D:\Projects\Python\Excel-Handler-Master\temp\autosave.lock
2024-12-01 13:27:58,950 - INFO - Trigger file transitioned from empty to non-empty.
2024-12-01 13:27:58,950 - INFO - Attempting to attach to an existing Excel instance...
2024-12-01 13:27:58,978 - INFO - Lock file created: D:\Projects\Python\Excel-Handler-Master\temp\autosave.lock
2024-12-01 13:27:58,978 - INFO - Saving workbook: Guitar-lessons.xlsm
2024-12-01 13:27:59,010 - INFO - Workbook saved successfully.
2024-12-01 13:28:00,011 - INFO - Lock file removed: D:\Projects\Python\Excel-Handler-Master\temp\autosave.lock
2024-12-01 13:28:09,818 - INFO - Trigger file transitioned from empty to non-empty.
2024-12-01 13:28:09,819 - INFO - Attempting to attach to an existing Excel instance...
2024-12-01 13:28:09,830 - INFO - Lock file created: D:\Projects\Python\Excel-Handler-Master\temp\autosave.lock
2024-12-01 13:28:09,830 - INFO - Saving workbook: Guitar-lessons.xlsm
2024-12-01 13:28:09,863 - INFO - Workbook saved successfully.
2024-12-01 13:28:10,863 - INFO - Lock file removed: D:\Projects\Python\Excel-Handler-Master\temp\autosave.lock
2024-12-01 13:37:43,089 - INFO - Termination signal received. Archiving current log file...
