2024-12-01 13:37:45,812 - INFO - Autosave script started.
2024-12-01 13:37:45,812 - INFO - Starting trigger file monitor...
2024-12-01 13:37:49,190 - INFO - Trigger file transitioned from empty to non-empty. Starting debounce timer.
2024-12-01 13:37:49,190 - INFO - Starting or resetting the debounce timer.
2024-12-01 13:37:51,036 - INFO - Trigger file transitioned from empty to non-empty. Starting debounce timer.
2024-12-01 13:37:51,036 - INFO - Starting or resetting the debounce timer.
2024-12-01 13:37:51,036 - INFO - Debounce timer reset.
2024-12-01 13:37:51,639 - INFO - Trigger file transitioned from empty to non-empty. Starting debounce timer.
2024-12-01 13:37:51,640 - INFO - Starting or resetting the debounce timer.
2024-12-01 13:37:51,640 - INFO - Debounce timer reset.
2024-12-01 13:37:52,770 - INFO - Trigger file transitioned from empty to non-empty. Starting debounce timer.
2024-12-01 13:37:52,770 - INFO - Starting or resetting the debounce timer.
2024-12-01 13:37:52,770 - INFO - Debounce timer reset.
2024-12-01 13:37:53,281 - INFO - Trigger file transitioned from empty to non-empty. Starting debounce timer.
2024-12-01 13:37:53,282 - INFO - Starting or resetting the debounce timer.
2024-12-01 13:37:53,282 - INFO - Debounce timer reset.
2024-12-01 13:37:54,242 - INFO - Trigger file transitioned from empty to non-empty. Starting debounce timer.
2024-12-01 13:37:54,242 - INFO - Starting or resetting the debounce timer.
2024-12-01 13:37:54,242 - INFO - Debounce timer reset.
2024-12-01 13:37:55,777 - INFO - Trigger file transitioned from empty to non-empty. Starting debounce timer.
2024-12-01 13:37:55,778 - INFO - Starting or resetting the debounce timer.
2024-12-01 13:37:55,778 - INFO - Debounce timer reset.
2024-12-01 13:37:56,194 - INFO - Trigger file transitioned from empty to non-empty. Starting debounce timer.
2024-12-01 13:37:56,194 - INFO - Starting or resetting the debounce timer.
2024-12-01 13:37:56,194 - INFO - Debounce timer reset.
2024-12-01 13:37:57,659 - INFO - Trigger file transitioned from empty to non-empty. Starting debounce timer.
2024-12-01 13:37:57,659 - INFO - Starting or resetting the debounce timer.
2024-12-01 13:37:57,659 - INFO - Debounce timer reset.
2024-12-01 13:37:58,995 - INFO - Trigger file transitioned from empty to non-empty. Starting debounce timer.
2024-12-01 13:37:58,996 - INFO - Starting or resetting the debounce timer.
2024-12-01 13:37:58,996 - INFO - Debounce timer reset.
2024-12-01 13:38:00,072 - INFO - Trigger file transitioned from empty to non-empty. Starting debounce timer.
2024-12-01 13:38:00,072 - INFO - Starting or resetting the debounce timer.
2024-12-01 13:38:00,072 - INFO - Debounce timer reset.
2024-12-01 13:38:00,568 - INFO - Trigger file transitioned from empty to non-empty. Starting debounce timer.
2024-12-01 13:38:00,569 - INFO - Starting or resetting the debounce timer.
2024-12-01 13:38:00,569 - INFO - Debounce timer reset.
2024-12-01 13:38:13,151 - INFO - Termination signal received. Archiving current log file...
