2024-11-30 12:51:15,645 - INFO - Monitoring file: D:\Projects\Python\Excel-Handler-Master\autosave\autosave_trigger.txt
2024-11-30 12:51:15,646 - INFO - In directory: D:\Projects\Python\Excel-Handler-Master\autosave
2024-11-30 12:51:15,646 - INFO - Starting file monitor...
2024-11-30 12:51:22,970 - INFO - Change detected: Triggering save after debounce.
2024-11-30 12:51:27,972 - INFO - Attempt 1: Lock file created. Starting save process...
2024-11-30 12:51:27,976 - INFO - Attached to active Excel instance.
2024-11-30 12:51:28,157 - INFO - Excel is ready. Proceeding with save...
2024-11-30 12:51:30,191 - INFO - Workbook saved successfully!
2024-11-30 12:51:30,192 - INFO - Lock file removed.
2024-11-30 12:51:36,158 - INFO - Change detected: Triggering save after debounce.
2024-11-30 12:51:36,158 - INFO - Previous timer canceled.
2024-11-30 12:51:41,159 - INFO - Attempt 1: Lock file created. Starting save process...
2024-11-30 12:51:41,160 - INFO - Attached to active Excel instance.
2024-11-30 12:51:46,670 - INFO - Excel is ready. Proceeding with save...
2024-11-30 12:51:48,700 - INFO - Workbook saved successfully!
2024-11-30 12:51:48,700 - INFO - Lock file removed.
2024-11-30 12:51:55,947 - INFO - Change detected: Triggering save after debounce.
2024-11-30 12:51:55,947 - INFO - Previous timer canceled.
2024-11-30 12:52:00,948 - INFO - Attempt 1: Lock file created. Starting save process...
2024-11-30 12:52:00,949 - INFO - Attached to active Excel instance.
2024-11-30 12:55:25,665 - INFO - Excel is ready. Proceeding with save...
2024-11-30 12:55:27,712 - INFO - Workbook saved successfully!
2024-11-30 12:55:27,712 - INFO - Lock file removed.
2024-11-30 12:56:37,251 - INFO - Stopping file monitor...
