2024-12-01 13:21:59,392 - INFO - Autosave script started.
2024-12-01 13:21:59,392 - INFO - Starting trigger file monitor...
2024-12-01 13:22:07,105 - INFO - Trigger file transitioned from empty to non-empty.
2024-12-01 13:22:07,105 - INFO - Attempting to attach to an existing Excel instance...
2024-12-01 13:22:07,117 - INFO - Lock file created: D:\Projects\Python\Excel-Handler-Master\temp\autosave.lock
2024-12-01 13:22:07,117 - INFO - Saving workbook: Guitar-lessons.xlsm
2024-12-01 13:22:07,152 - INFO - Workbook saved successfully.
2024-12-01 13:22:08,153 - INFO - Lock file removed: D:\Projects\Python\Excel-Handler-Master\temp\autosave.lock
2024-12-01 13:22:13,379 - INFO - Trigger file transitioned from empty to non-empty.
2024-12-01 13:22:13,380 - INFO - Attempting to attach to an existing Excel instance...
2024-12-01 13:22:13,389 - INFO - Lock file created: D:\Projects\Python\Excel-Handler-Master\temp\autosave.lock
2024-12-01 13:22:13,390 - INFO - Saving workbook: Guitar-lessons.xlsm
2024-12-01 13:22:13,422 - INFO - Workbook saved successfully.
2024-12-01 13:22:14,422 - INFO - Lock file removed: D:\Projects\Python\Excel-Handler-Master\temp\autosave.lock
2024-12-01 13:22:16,230 - INFO - Trigger file transitioned from empty to non-empty.
2024-12-01 13:22:16,231 - INFO - Attempting to attach to an existing Excel instance...
2024-12-01 13:22:16,239 - INFO - Lock file created: D:\Projects\Python\Excel-Handler-Master\temp\autosave.lock
2024-12-01 13:22:16,240 - INFO - Saving workbook: Guitar-lessons.xlsm
2024-12-01 13:22:16,274 - INFO - Workbook saved successfully.
2024-12-01 13:22:17,275 - INFO - Lock file removed: D:\Projects\Python\Excel-Handler-Master\temp\autosave.lock
2024-12-01 13:22:18,036 - INFO - Trigger file transitioned from empty to non-empty.
2024-12-01 13:22:18,036 - INFO - Attempting to attach to an existing Excel instance...
2024-12-01 13:22:18,051 - INFO - Lock file created: D:\Projects\Python\Excel-Handler-Master\temp\autosave.lock
2024-12-01 13:22:18,052 - INFO - Saving workbook: Guitar-lessons.xlsm
2024-12-01 13:22:18,082 - INFO - Workbook saved successfully.
2024-12-01 13:22:19,084 - INFO - Lock file removed: D:\Projects\Python\Excel-Handler-Master\temp\autosave.lock
2024-12-01 13:22:19,486 - INFO - Trigger file transitioned from empty to non-empty.
2024-12-01 13:22:19,486 - INFO - Attempting to attach to an existing Excel instance...
2024-12-01 13:22:19,497 - INFO - Lock file created: D:\Projects\Python\Excel-Handler-Master\temp\autosave.lock
2024-12-01 13:22:19,498 - INFO - Saving workbook: Guitar-lessons.xlsm
2024-12-01 13:22:19,527 - INFO - Workbook saved successfully.
2024-12-01 13:22:20,528 - INFO - Lock file removed: D:\Projects\Python\Excel-Handler-Master\temp\autosave.lock
2024-12-01 13:22:21,363 - INFO - Trigger file transitioned from empty to non-empty.
2024-12-01 13:22:21,363 - INFO - Attempting to attach to an existing Excel instance...
2024-12-01 13:22:21,374 - INFO - Lock file created: D:\Projects\Python\Excel-Handler-Master\temp\autosave.lock
2024-12-01 13:22:21,375 - INFO - Saving workbook: Guitar-lessons.xlsm
2024-12-01 13:22:21,403 - INFO - Workbook saved successfully.
2024-12-01 13:22:22,404 - INFO - Lock file removed: D:\Projects\Python\Excel-Handler-Master\temp\autosave.lock
2024-12-01 13:22:23,236 - INFO - Trigger file transitioned from empty to non-empty.
2024-12-01 13:22:23,236 - INFO - Attempting to attach to an existing Excel instance...
2024-12-01 13:22:23,245 - INFO - Lock file created: D:\Projects\Python\Excel-Handler-Master\temp\autosave.lock
2024-12-01 13:22:23,245 - INFO - Saving workbook: Guitar-lessons.xlsm
2024-12-01 13:22:23,278 - INFO - Workbook saved successfully.
2024-12-01 13:22:24,279 - INFO - Lock file removed: D:\Projects\Python\Excel-Handler-Master\temp\autosave.lock
2024-12-01 13:22:24,696 - INFO - Trigger file transitioned from empty to non-empty.
2024-12-01 13:22:24,696 - INFO - Attempting to attach to an existing Excel instance...
2024-12-01 13:22:24,706 - INFO - Lock file created: D:\Projects\Python\Excel-Handler-Master\temp\autosave.lock
2024-12-01 13:22:24,708 - INFO - Saving workbook: Guitar-lessons.xlsm
2024-12-01 13:22:24,740 - INFO - Workbook saved successfully.
2024-12-01 13:22:25,741 - INFO - Lock file removed: D:\Projects\Python\Excel-Handler-Master\temp\autosave.lock
2024-12-01 13:22:26,596 - INFO - Trigger file transitioned from empty to non-empty.
2024-12-01 13:22:26,596 - INFO - Attempting to attach to an existing Excel instance...
2024-12-01 13:22:26,642 - ERROR - Error during save operation: This object does not support enumeration
2024-12-01 13:22:27,306 - INFO - Trigger file transitioned from empty to non-empty.
2024-12-01 13:22:27,306 - INFO - Attempting to attach to an existing Excel instance...
2024-12-01 13:22:27,316 - INFO - Lock file created: D:\Projects\Python\Excel-Handler-Master\temp\autosave.lock
2024-12-01 13:22:27,317 - INFO - Saving workbook: Guitar-lessons.xlsm
2024-12-01 13:22:27,348 - INFO - Workbook saved successfully.
2024-12-01 13:22:28,349 - INFO - Lock file removed: D:\Projects\Python\Excel-Handler-Master\temp\autosave.lock
2024-12-01 13:22:30,030 - INFO - Trigger file transitioned from empty to non-empty.
2024-12-01 13:22:30,030 - INFO - Attempting to attach to an existing Excel instance...
2024-12-01 13:22:30,043 - INFO - Lock file created: D:\Projects\Python\Excel-Handler-Master\temp\autosave.lock
2024-12-01 13:22:30,043 - INFO - Saving workbook: Guitar-lessons.xlsm
2024-12-01 13:22:30,076 - INFO - Workbook saved successfully.
2024-12-01 13:22:31,076 - INFO - Lock file removed: D:\Projects\Python\Excel-Handler-Master\temp\autosave.lock
2024-12-01 13:22:33,285 - INFO - Trigger file transitioned from empty to non-empty.
2024-12-01 13:22:33,286 - INFO - Attempting to attach to an existing Excel instance...
2024-12-01 13:22:33,294 - INFO - Lock file created: D:\Projects\Python\Excel-Handler-Master\temp\autosave.lock
2024-12-01 13:22:33,294 - INFO - Saving workbook: Guitar-lessons.xlsm
2024-12-01 13:22:33,327 - INFO - Workbook saved successfully.
2024-12-01 13:22:34,329 - INFO - Lock file removed: D:\Projects\Python\Excel-Handler-Master\temp\autosave.lock
2024-12-01 13:22:35,214 - INFO - Trigger file transitioned from empty to non-empty.
2024-12-01 13:22:35,215 - INFO - Attempting to attach to an existing Excel instance...
2024-12-01 13:22:35,224 - INFO - Lock file created: D:\Projects\Python\Excel-Handler-Master\temp\autosave.lock
2024-12-01 13:22:35,225 - INFO - Saving workbook: Guitar-lessons.xlsm
2024-12-01 13:22:35,264 - INFO - Workbook saved successfully.
2024-12-01 13:22:36,265 - INFO - Lock file removed: D:\Projects\Python\Excel-Handler-Master\temp\autosave.lock
2024-12-01 13:22:43,606 - INFO - Trigger file transitioned from empty to non-empty.
2024-12-01 13:22:43,607 - INFO - Attempting to attach to an existing Excel instance...
2024-12-01 13:22:43,623 - INFO - Lock file created: D:\Projects\Python\Excel-Handler-Master\temp\autosave.lock
2024-12-01 13:22:43,623 - INFO - Saving workbook: Guitar-lessons.xlsm
2024-12-01 13:22:43,655 - INFO - Workbook saved successfully.
2024-12-01 13:22:44,656 - INFO - Lock file removed: D:\Projects\Python\Excel-Handler-Master\temp\autosave.lock
2024-12-01 13:23:13,288 - INFO - Trigger file transitioned from empty to non-empty.
2024-12-01 13:23:13,288 - INFO - Attempting to attach to an existing Excel instance...
2024-12-01 13:23:13,637 - ERROR - Error during save operation: This object does not support enumeration
2024-12-01 13:23:28,632 - INFO - Trigger file transitioned from empty to non-empty.
2024-12-01 13:23:28,632 - INFO - Attempting to attach to an existing Excel instance...
2024-12-01 13:23:28,643 - INFO - Lock file created: D:\Projects\Python\Excel-Handler-Master\temp\autosave.lock
2024-12-01 13:23:28,644 - INFO - Saving workbook: Guitar-lessons.xlsm
2024-12-01 13:23:28,678 - INFO - Workbook saved successfully.
2024-12-01 13:23:29,679 - INFO - Lock file removed: D:\Projects\Python\Excel-Handler-Master\temp\autosave.lock
2024-12-01 13:23:31,218 - INFO - Trigger file transitioned from empty to non-empty.
2024-12-01 13:23:31,218 - INFO - Attempting to attach to an existing Excel instance...
2024-12-01 13:23:31,227 - INFO - Lock file created: D:\Projects\Python\Excel-Handler-Master\temp\autosave.lock
2024-12-01 13:23:31,228 - INFO - Saving workbook: Guitar-lessons.xlsm
2024-12-01 13:23:31,263 - INFO - Workbook saved successfully.
2024-12-01 13:23:32,264 - INFO - Lock file removed: D:\Projects\Python\Excel-Handler-Master\temp\autosave.lock
2024-12-01 13:23:33,179 - INFO - Trigger file transitioned from empty to non-empty.
2024-12-01 13:23:33,180 - INFO - Attempting to attach to an existing Excel instance...
2024-12-01 13:23:33,187 - INFO - Lock file created: D:\Projects\Python\Excel-Handler-Master\temp\autosave.lock
2024-12-01 13:23:33,187 - INFO - Saving workbook: Guitar-lessons.xlsm
2024-12-01 13:23:33,222 - INFO - Workbook saved successfully.
2024-12-01 13:23:34,223 - INFO - Lock file removed: D:\Projects\Python\Excel-Handler-Master\temp\autosave.lock
2024-12-01 13:23:34,501 - INFO - Trigger file transitioned from empty to non-empty.
2024-12-01 13:23:34,501 - INFO - Attempting to attach to an existing Excel instance...
2024-12-01 13:23:34,509 - INFO - Lock file created: D:\Projects\Python\Excel-Handler-Master\temp\autosave.lock
2024-12-01 13:23:34,509 - INFO - Saving workbook: Guitar-lessons.xlsm
2024-12-01 13:23:34,543 - INFO - Workbook saved successfully.
2024-12-01 13:23:35,544 - INFO - Lock file removed: D:\Projects\Python\Excel-Handler-Master\temp\autosave.lock
2024-12-01 13:23:40,758 - INFO - Trigger file transitioned from empty to non-empty.
2024-12-01 13:23:40,758 - INFO - Attempting to attach to an existing Excel instance...
2024-12-01 13:23:40,770 - INFO - Lock file created: D:\Projects\Python\Excel-Handler-Master\temp\autosave.lock
2024-12-01 13:23:40,770 - INFO - Saving workbook: Guitar-lessons.xlsm
2024-12-01 13:23:40,803 - INFO - Workbook saved successfully.
2024-12-01 13:23:41,803 - INFO - Lock file removed: D:\Projects\Python\Excel-Handler-Master\temp\autosave.lock
2024-12-01 13:25:02,686 - INFO - Termination signal received. Archiving current log file...
