2024-12-01 13:25:06,508 - INFO - Autosave script started.
2024-12-01 13:25:06,508 - INFO - Starting trigger file monitor...
2024-12-01 13:25:11,382 - INFO - Trigger file transitioned from empty to non-empty.
2024-12-01 13:25:11,383 - INFO - Attempting to attach to an existing Excel instance...
2024-12-01 13:25:11,395 - INFO - Lock file created: D:\Projects\Python\Excel-Handler-Master\temp\autosave.lock
2024-12-01 13:25:11,395 - INFO - Saving workbook: Guitar-lessons.xlsm
2024-12-01 13:25:11,431 - INFO - Workbook saved successfully.
2024-12-01 13:25:12,432 - INFO - Lock file removed: D:\Projects\Python\Excel-Handler-Master\temp\autosave.lock
2024-12-01 13:25:15,031 - INFO - Trigger file transitioned from empty to non-empty.
2024-12-01 13:25:15,032 - INFO - Attempting to attach to an existing Excel instance...
2024-12-01 13:25:15,048 - INFO - Debounce timer active. Waiting...
2024-12-01 13:25:15,273 - INFO - Trigger file transitioned from empty to non-empty.
2024-12-01 13:25:15,273 - INFO - Attempting to attach to an existing Excel instance...
2024-12-01 13:25:15,280 - INFO - Debounce timer active. Waiting...
2024-12-01 13:25:17,187 - INFO - Trigger file transitioned from empty to non-empty.
2024-12-01 13:25:17,187 - INFO - Attempting to attach to an existing Excel instance...
2024-12-01 13:25:17,737 - INFO - Debounce timer active. Waiting...
2024-12-01 13:26:05,984 - INFO - Trigger file transitioned from empty to non-empty.
2024-12-01 13:26:05,985 - INFO - Attempting to attach to an existing Excel instance...
2024-12-01 13:26:06,004 - INFO - Lock file created: D:\Projects\Python\Excel-Handler-Master\temp\autosave.lock
2024-12-01 13:26:06,004 - INFO - Saving workbook: Guitar-lessons.xlsm
2024-12-01 13:26:06,035 - INFO - Workbook saved successfully.
2024-12-01 13:26:07,036 - INFO - Lock file removed: D:\Projects\Python\Excel-Handler-Master\temp\autosave.lock
2024-12-01 13:26:11,017 - INFO - Termination signal received. Archiving current log file...
