2024-11-30 12:57:32,895 - INFO - Monitoring file: D:\Projects\Python\Excel-Handler-Master\autosave\autosave_trigger.txt
2024-11-30 12:57:32,895 - INFO - In directory: D:\Projects\Python\Excel-Handler-Master\autosave
2024-11-30 12:57:32,895 - INFO - Starting file monitor...
2024-11-30 12:57:39,313 - INFO - Change detected: Triggering save after debounce.
2024-11-30 12:57:44,315 - INFO - Attempt 1: Starting save process...
2024-11-30 12:57:44,316 - INFO - Attached to active Excel instance.
2024-11-30 13:15:17,693 - INFO - Excel is ready. Proceeding with save operation...
2024-11-30 13:15:17,693 - INFO - Lock file created.
2024-11-30 13:15:30,479 - INFO - Workbook saved successfully!
2024-11-30 13:15:30,479 - INFO - Lock file removed.
2024-11-30 13:15:30,479 - INFO - Lock file removed.
2024-11-30 13:15:30,480 - INFO - Attempt 2: Starting save process...
2024-11-30 13:15:30,485 - INFO - Attached to active Excel instance.
2024-11-30 13:15:30,497 - INFO - Excel is ready. Proceeding with save operation...
2024-11-30 13:15:30,500 - INFO - Lock file created.
2024-11-30 13:15:30,616 - INFO - Workbook saved successfully!
2024-11-30 13:15:30,618 - INFO - Lock file removed.
2024-11-30 13:15:30,618 - INFO - Lock file removed.
2024-11-30 13:15:30,619 - INFO - Attempt 3: Starting save process...
2024-11-30 13:15:30,642 - INFO - Attached to active Excel instance.
2024-11-30 13:15:30,650 - INFO - Excel is ready. Proceeding with save operation...
2024-11-30 13:15:30,651 - INFO - Lock file created.
2024-11-30 13:15:30,769 - INFO - Workbook saved successfully!
2024-11-30 13:15:30,769 - INFO - Lock file removed.
2024-11-30 13:15:30,769 - INFO - Lock file removed.
2024-11-30 13:15:30,771 - INFO - Attempt 4: Starting save process...
2024-11-30 13:15:30,772 - INFO - Attached to active Excel instance.
2024-11-30 13:15:30,775 - INFO - Excel is ready. Proceeding with save operation...
2024-11-30 13:15:30,775 - INFO - Lock file created.
2024-11-30 13:15:30,803 - INFO - Workbook saved successfully!
2024-11-30 13:15:30,804 - INFO - Lock file removed.
2024-11-30 13:15:30,804 - INFO - Lock file removed.
2024-11-30 13:15:30,804 - INFO - Attempt 5: Starting save process...
2024-11-30 13:15:30,806 - INFO - Attached to active Excel instance.
2024-11-30 13:15:30,809 - INFO - Excel is ready. Proceeding with save operation...
2024-11-30 13:15:30,809 - INFO - Lock file created.
2024-11-30 13:15:30,840 - INFO - Workbook saved successfully!
2024-11-30 13:15:30,840 - INFO - Lock file removed.
2024-11-30 13:15:30,840 - INFO - Lock file removed.
2024-11-30 13:30:10,190 - INFO - Stopping file monitor...
