2024-11-30 13:41:52,190 - INFO - Monitoring file: D:\Projects\Python\Excel-Handler-Master\autosave\autosave_trigger.txt
2024-11-30 13:41:52,190 - INFO - In directory: D:\Projects\Python\Excel-Handler-Master\autosave
2024-11-30 13:41:52,191 - INFO - Starting file monitor...
2024-11-30 13:41:59,699 - INFO - Change detected: Triggering save after debounce.
2024-11-30 13:42:04,700 - INFO - Attempt 1: Starting save process...
2024-11-30 13:42:04,701 - INFO - Attached to Excel instance.
2024-11-30 13:42:10,591 - WARNING - Unknown Excel status bar state: False
2024-11-30 13:42:10,591 - WARNING - Excel not ready. Breaking save loop and retrying...
2024-11-30 13:42:10,591 - WARNING - Retrying save process in 5 seconds...
2024-11-30 13:42:15,592 - INFO - Lock file removed.
2024-11-30 13:42:15,592 - INFO - Attempt 2: Starting save process...
2024-11-30 13:42:15,596 - INFO - Attached to Excel instance.
2024-11-30 13:42:15,602 - WARNING - Unknown Excel status bar state: False
2024-11-30 13:42:15,602 - WARNING - Excel not ready. Breaking save loop and retrying...
2024-11-30 13:42:15,602 - WARNING - Retrying save process in 5 seconds...
2024-11-30 13:42:20,603 - INFO - Lock file removed.
2024-11-30 13:42:20,603 - INFO - Attempt 3: Starting save process...
2024-11-30 13:42:20,604 - INFO - Attached to Excel instance.
2024-11-30 13:42:20,605 - WARNING - Unknown Excel status bar state: False
2024-11-30 13:42:20,605 - WARNING - Excel not ready. Breaking save loop and retrying...
2024-11-30 13:42:20,605 - WARNING - Retrying save process in 5 seconds...
2024-11-30 13:42:25,606 - INFO - Lock file removed.
2024-11-30 13:42:25,606 - INFO - Attempt 4: Starting save process...
2024-11-30 13:42:25,609 - INFO - Attached to Excel instance.
2024-11-30 13:42:25,610 - WARNING - Unknown Excel status bar state: False
2024-11-30 13:42:25,610 - WARNING - Excel not ready. Breaking save loop and retrying...
2024-11-30 13:42:25,610 - WARNING - Retrying save process in 5 seconds...
2024-11-30 13:42:29,712 - INFO - Stopping file monitor...
