2024-12-01 13:20:03,836 - INFO - Autosave script started.
2024-12-01 13:20:03,837 - INFO - Attempting to attach to an existing Excel instance...
2024-12-01 13:20:03,846 - INFO - Excel is ready. Statusbar trigger file is empty.
2024-12-01 13:20:03,847 - INFO - Lock file created: D:\Projects\Python\Excel-Handler-Master\temp\autosave.lock
2024-12-01 13:20:03,847 - INFO - Saving workbook: Guitar-lessons.xlsm
2024-12-01 13:20:03,882 - INFO - Workbook saved successfully.
2024-12-01 13:20:03,882 - INFO - Lock file removed: D:\Projects\Python\Excel-Handler-Master\temp\autosave.lock
2024-12-01 13:20:08,884 - INFO - Excel is ready. Statusbar trigger file is empty.
2024-12-01 13:20:08,884 - INFO - Debounce timer active. Waiting...
2024-12-01 13:20:10,885 - INFO - Excel is ready. Statusbar trigger file is empty.
2024-12-01 13:20:10,885 - INFO - Debounce timer active. Waiting...
2024-12-01 13:20:12,886 - INFO - Excel is ready. Statusbar trigger file is empty.
2024-12-01 13:20:12,886 - INFO - Debounce timer active. Waiting...
2024-12-01 13:20:14,887 - INFO - Excel is ready. Statusbar trigger file is empty.
2024-12-01 13:20:14,887 - INFO - Lock file created: D:\Projects\Python\Excel-Handler-Master\temp\autosave.lock
2024-12-01 13:20:14,887 - INFO - Saving workbook: Guitar-lessons.xlsm
2024-12-01 13:20:14,919 - INFO - Workbook saved successfully.
2024-12-01 13:20:14,919 - INFO - Lock file removed: D:\Projects\Python\Excel-Handler-Master\temp\autosave.lock
2024-12-01 13:20:19,920 - INFO - Excel is ready. Statusbar trigger file is empty.
2024-12-01 13:20:19,920 - INFO - Debounce timer active. Waiting...
2024-12-01 13:20:21,921 - INFO - Excel is ready. Statusbar trigger file is empty.
2024-12-01 13:20:21,921 - INFO - Debounce timer active. Waiting...
2024-12-01 13:20:23,922 - INFO - Excel is ready. Statusbar trigger file is empty.
2024-12-01 13:20:23,922 - INFO - Debounce timer active. Waiting...
2024-12-01 13:20:23,977 - INFO - Termination signal received. Archiving current log file...
2024-12-01 13:20:23,979 - INFO - Log file archived: logs\past-logs\Autosave\Autosave 12-01-24 -- 13-20-23.log
2024-12-01 13:20:23,979 - INFO - Exiting save monitoring.
