2024-11-30 12:47:48,898 - INFO - Monitoring file: D:\Projects\Python\Excel-Handler-Master\autosave\autosave_trigger.txt
2024-11-30 12:47:48,898 - INFO - In directory: D:\Projects\Python\Excel-Handler-Master\autosave
2024-11-30 12:47:48,898 - INFO - Starting file monitor...
2024-11-30 12:47:55,220 - INFO - Change detected: Triggering save after debounce.
2024-11-30 12:48:00,220 - INFO - Attempt 1: Lock file created. Starting save process...
2024-11-30 12:48:00,221 - INFO - Attached to active Excel instance.
2024-11-30 12:48:05,676 - INFO - Excel is ready. Proceeding with save...
2024-11-30 12:48:07,709 - INFO - Workbook saved successfully!
2024-11-30 12:48:07,709 - INFO - Lock file removed.
2024-11-30 12:48:16,365 - INFO - Change detected: Triggering save after debounce.
2024-11-30 12:48:16,365 - INFO - Previous timer canceled.
2024-11-30 12:48:21,366 - INFO - Attempt 1: Lock file created. Starting save process...
2024-11-30 12:48:21,367 - INFO - Attached to active Excel instance.
2024-11-30 12:48:35,348 - INFO - Change detected: Triggering save after debounce.
2024-11-30 12:48:35,348 - INFO - Previous timer canceled.
2024-11-30 12:48:35,392 - INFO - Excel is ready. Proceeding with save...
2024-11-30 12:48:37,422 - INFO - Workbook saved successfully!
2024-11-30 12:48:37,422 - INFO - Lock file removed.
2024-11-30 12:48:40,354 - INFO - Attempt 1: Lock file created. Starting save process...
2024-11-30 12:48:40,355 - INFO - Attached to active Excel instance.
2024-11-30 12:48:49,463 - INFO - Change detected: Triggering save after debounce.
2024-11-30 12:48:49,463 - INFO - Previous timer canceled.
2024-11-30 12:48:49,518 - INFO - Excel is ready. Proceeding with save...
2024-11-30 12:48:51,554 - INFO - Workbook saved successfully!
2024-11-30 12:48:51,554 - INFO - Lock file removed.
2024-11-30 12:48:54,467 - INFO - Attempt 1: Lock file created. Starting save process...
2024-11-30 12:48:54,468 - INFO - Attached to active Excel instance.
2024-11-30 12:48:54,470 - INFO - Excel is ready. Proceeding with save...
2024-11-30 12:48:56,502 - INFO - Workbook saved successfully!
2024-11-30 12:48:56,503 - INFO - Lock file removed.
2024-11-30 12:49:03,057 - INFO - Change detected: Triggering save after debounce.
2024-11-30 12:49:03,057 - INFO - Previous timer canceled.
2024-11-30 12:49:08,059 - INFO - Attempt 1: Lock file created. Starting save process...
2024-11-30 12:49:08,061 - INFO - Attached to active Excel instance.
2024-11-30 12:49:14,011 - INFO - Excel is ready. Proceeding with save...
2024-11-30 12:49:14,965 - INFO - Stopping file monitor...
