2024-11-30 12:40:50,150 - INFO - Monitoring file: D:\Projects\Python\Excel-Handler-Master\autosave\autosave_trigger.txt
2024-11-30 12:40:50,150 - INFO - In directory: D:\Projects\Python\Excel-Handler-Master\autosave
2024-11-30 12:40:50,151 - INFO - Starting file monitor...
2024-11-30 12:41:01,426 - INFO - Change detected: Triggering save after debounce.
2024-11-30 12:41:06,427 - INFO - Attempt 1: Lock file created. Starting save process...
2024-11-30 12:41:06,429 - INFO - Attached to active Excel instance.
2024-11-30 12:41:09,129 - INFO - Excel is ready. Proceeding with save...
2024-11-30 12:41:11,168 - INFO - Workbook saved successfully!
2024-11-30 12:41:11,168 - INFO - Lock file removed.
2024-11-30 12:41:19,845 - INFO - Change detected: Triggering save after debounce.
2024-11-30 12:41:19,845 - INFO - Previous timer canceled.
2024-11-30 12:41:24,847 - INFO - Attempt 1: Lock file created. Starting save process...
2024-11-30 12:41:24,848 - INFO - Attached to active Excel instance.
2024-11-30 12:41:24,850 - INFO - Excel is ready. Proceeding with save...
2024-11-30 12:41:30,323 - ERROR - Attempt 1 failed with error: (-2146777998, 'OLE error 0x800ac472', None, None)
2024-11-30 12:41:30,323 - INFO - Retrying in 5 seconds...
2024-11-30 12:41:30,448 - INFO - Change detected: Triggering save after debounce.
2024-11-30 12:41:30,448 - INFO - Previous timer canceled.
2024-11-30 12:41:35,324 - INFO - Lock file removed.
2024-11-30 12:41:35,324 - INFO - Attempt 2: Lock file created. Starting save process...
2024-11-30 12:41:35,325 - INFO - Attached to active Excel instance.
2024-11-30 12:41:35,448 - INFO - Attempt 1: Lock file created. Starting save process...
2024-11-30 12:41:35,452 - INFO - Attached to active Excel instance.
2024-11-30 12:41:35,727 - INFO - Excel is ready. Proceeding with save...
2024-11-30 12:41:35,728 - INFO - Excel is ready. Proceeding with save...
2024-11-30 12:41:37,763 - INFO - Workbook saved successfully!
2024-11-30 12:41:37,764 - INFO - Lock file removed.
2024-11-30 12:41:37,792 - INFO - Workbook saved successfully!
2024-11-30 12:41:45,412 - INFO - Change detected: Triggering save after debounce.
2024-11-30 12:41:45,412 - INFO - Previous timer canceled.
2024-11-30 12:41:50,413 - INFO - Attempt 1: Lock file created. Starting save process...
2024-11-30 12:41:50,414 - INFO - Attached to active Excel instance.
2024-11-30 12:42:01,077 - INFO - Excel is ready. Proceeding with save...
2024-11-30 12:42:03,111 - INFO - Workbook saved successfully!
2024-11-30 12:42:03,111 - INFO - Lock file removed.
2024-11-30 12:42:28,962 - INFO - Change detected: Triggering save after debounce.
2024-11-30 12:42:28,962 - INFO - Previous timer canceled.
2024-11-30 12:42:33,963 - INFO - Attempt 1: Lock file created. Starting save process...
2024-11-30 12:42:33,964 - INFO - Attached to active Excel instance.
2024-11-30 12:43:07,360 - INFO - Change detected: Triggering save after debounce.
2024-11-30 12:43:07,360 - INFO - Previous timer canceled.
2024-11-30 12:43:07,510 - INFO - Excel is ready. Proceeding with save...
2024-11-30 12:43:09,563 - INFO - Workbook saved successfully!
2024-11-30 12:43:09,563 - INFO - Lock file removed.
2024-11-30 12:43:12,372 - INFO - Attempt 1: Lock file created. Starting save process...
2024-11-30 12:43:12,373 - INFO - Attached to active Excel instance.
2024-11-30 12:43:12,375 - INFO - Excel is ready. Proceeding with save...
2024-11-30 12:43:14,412 - INFO - Workbook saved successfully!
2024-11-30 12:43:14,412 - INFO - Lock file removed.
2024-11-30 12:46:11,509 - INFO - Stopping file monitor...
