2024-12-07 12:54:17,073 - INFO - Autosave script started.
2024-12-07 12:54:17,074 - INFO - Starting trigger file monitor...
2024-12-07 12:54:24,577 - INFO - Trigger file transitioned from empty to non-empty. Starting debounce timer.
2024-12-07 12:54:24,577 - INFO - Starting or resetting the debounce timer.
2024-12-07 12:54:29,392 - INFO - Trigger file transitioned from empty to non-empty. Starting debounce timer.
2024-12-07 12:54:29,392 - INFO - Starting or resetting the debounce timer.
2024-12-07 12:54:29,392 - INFO - Stopping previous debounce timer.
2024-12-07 12:54:34,578 - INFO - Debounce timer elapsed but conditions not met.
2024-12-07 12:54:39,393 - INFO - Excel is ready. Statusbar trigger file is empty.
2024-12-07 12:54:39,393 - INFO - Debounce timer elapsed. Performing save operation.
2024-12-07 12:54:39,393 - INFO - Excel is ready. Statusbar trigger file is empty.
2024-12-07 12:54:39,393 - INFO - Attempting to attach to an existing Excel instance...
2024-12-07 12:54:39,402 - INFO - Lock file created: D:\Projects\Python\Excel-Handler-Master\temp\autosave.lock
2024-12-07 12:54:39,402 - INFO - Saving workbook: Guitar-lessons.xlsm
2024-12-07 12:54:39,444 - INFO - Workbook saved successfully.
2024-12-07 12:54:40,445 - INFO - Lock file removed: D:\Projects\Python\Excel-Handler-Master\temp\autosave.lock
2024-12-07 12:54:45,346 - INFO - Trigger file transitioned from empty to non-empty. Starting debounce timer.
2024-12-07 12:54:45,347 - INFO - Starting or resetting the debounce timer.
2024-12-07 12:54:55,347 - INFO - Excel is ready. Statusbar trigger file is empty.
2024-12-07 12:54:55,347 - INFO - Debounce timer elapsed. Performing save operation.
2024-12-07 12:54:55,347 - INFO - Excel is ready. Statusbar trigger file is empty.
2024-12-07 12:54:55,347 - INFO - Attempting to attach to an existing Excel instance...
2024-12-07 12:54:55,351 - INFO - Lock file created: D:\Projects\Python\Excel-Handler-Master\temp\autosave.lock
2024-12-07 12:54:55,351 - INFO - Saving workbook: Guitar-lessons.xlsm
2024-12-07 12:54:55,386 - INFO - Workbook saved successfully.
2024-12-07 12:54:56,387 - INFO - Lock file removed: D:\Projects\Python\Excel-Handler-Master\temp\autosave.lock
2024-12-07 12:55:01,302 - INFO - Termination signal received. Cleaning up and archiving current log file...
